<?xml version="1.0" encoding="UTF-8"?>
<testng-results skipped="0" failed="0" total="1" passed="1">
  <reporter-output>
  </reporter-output>
  <suite name="Default suite" duration-ms="34237" started-at="2020-05-13T17:15:49Z" finished-at="2020-05-13T17:16:24Z">
    <groups>
    </groups>
    <test name="Default test" duration-ms="34237" started-at="2020-05-13T17:15:49Z" finished-at="2020-05-13T17:16:24Z">
      <class name="newUsers.Registration">
        <test-method status="PASS" signature="setUp()[pri:0, instance:newUsers.Registration@c7a4e4]" name="setUp" duration-ms="34112" started-at="2020-05-13T18:15:50Z" finished-at="2020-05-13T18:16:24Z">
          <reporter-output>
          </reporter-output>
        </test-method> <!-- setUp -->
      </class> <!-- newUsers.Registration -->
    </test> <!-- Default test -->
  </suite> <!-- Default suite -->
</testng-results>
